
Showing logs for build [32mcb-kubecd-environment-pr-213-14-tczt9-1[0m stage [32mfrom-build-pack[0m and container [32mstep-credential-initializer-54xm6[0m
{"level":"info","ts":1588433976.3363347,"logger":"fallback-logger","caller":"logging/config.go:69","msg":"Fetch GitHub commit ID from kodata failed: open /var/run/ko/refs/heads/0.8.0-ns-support: no such file or directory"}
{"level":"info","ts":1588433976.3371372,"logger":"fallback-logger","caller":"creds-init/main.go:40","msg":"Credentials initialized."}

Showing logs for build [32mcb-kubecd-environment-pr-213-14-tczt9-1[0m stage [32mfrom-build-pack[0m and container [32mstep-working-dir-initializer-f7whr[0m
{"level":"info","ts":1588433977.3048313,"logger":"fallback-logger","caller":"logging/config.go:69","msg":"Fetch GitHub commit ID from kodata failed: open /var/run/ko/HEAD: no such file or directory"}
{"level":"info","ts":1588433977.3064969,"logger":"fallback-logger","caller":"bash/main.go:64","msg":"Successfully executed command \"sh -c mkdir -p /workspace/source\"; output "}

Showing logs for build [32mcb-kubecd-environment-pr-213-14-tczt9-1[0m stage [32mfrom-build-pack[0m and container [32mstep-place-tools[0m

Showing logs for build [32mcb-kubecd-environment-pr-213-14-tczt9-1[0m stage [32mfrom-build-pack[0m and container [32mstep-git-source-cb-kubecd-environment-pr-213-14-tczt9-nz7kp[0m
{"level":"info","ts":1588433982.4438975,"logger":"fallback-logger","caller":"logging/config.go:69","msg":"Fetch GitHub commit ID from kodata failed: open /var/run/ko/refs/heads/0.8.0-ns-support: no such file or directory"}
{"level":"info","ts":1588433983.5185835,"logger":"fallback-logger","caller":"git/git.go:103","msg":"Successfully cloned https://github.com/cb-kubecd/environment-pr-213-14-boot-vault-gke-staging.git @ master in path /workspace/source"}

Showing logs for build [32mcb-kubecd-environment-pr-213-14-tczt9-1[0m stage [32mfrom-build-pack[0m and container [32mstep-git-merge[0m
Using SHAs from PULL_REFS=master:c0ea85185c2c83e04fb3bf66a33f8a70c54a5183,4:cf89485b6fca8050a5a787cfb0e90d2859f792a3
DEBUG: LC_ALL=C JX_LOG_LEVEL=error git fetch origin --unshallow cf89485b6fca8050a5a787cfb0e90d2859f792a3: c0ea85185c2c83e04fb3bf66a33f8a70c54a5183:
DEBUG: ran git fetch --unshallow origin cf89485b6fca8050a5a787cfb0e90d2859f792a3: c0ea85185c2c83e04fb3bf66a33f8a70c54a5183: in 
DEBUG: LC_ALL=C JX_LOG_LEVEL=error git branch
DEBUG: LC_ALL=C JX_LOG_LEVEL=error git checkout master
DEBUG: ran git checkout master in 
DEBUG: LC_ALL=C JX_LOG_LEVEL=error git reset --hard c0ea85185c2c83e04fb3bf66a33f8a70c54a5183
DEBUG: ran git reset --hard c0ea85185c2c83e04fb3bf66a33f8a70c54a5183 in 
DEBUG: LC_ALL=C JX_LOG_LEVEL=error git clean -fd .
DEBUG: ran clean --force -d . in 
DEBUG: LC_ALL=C JX_LOG_LEVEL=error git merge cf89485b6fca8050a5a787cfb0e90d2859f792a3
DEBUG: ran git merge cf89485b6fca8050a5a787cfb0e90d2859f792a3 in 
DEBUG: LC_ALL=C JX_LOG_LEVEL=error git log --format=%H%x1f%an%x1f%ae%x1f%cn%x1f%ce%x1f%s%n%b%x1e c0ea85185c2c83e04fb3bf66a33f8a70c54a5183..HEAD
Merged SHA cf89485b6fca8050a5a787cfb0e90d2859f792a3 with commit message 'chore: Promote bdd-gh-1588431565 to version 0.0.1' into base branch master

Showing logs for build [32mcb-kubecd-environment-pr-213-14-tczt9-1[0m stage [32mfrom-build-pack[0m and container [32mstep-build-helm-build[0m
WARNING: No $CHART_REPOSITORY defined so using the default value of: http://jenkins-x-chartmuseum:8080
Adding missing Helm repo: storage.googleapis.com https://storage.googleapis.com/chartmuseum.jenkins-x.io
WARNING: No secrets found on "helm/repos" due: reading the secret "helm/repos" from vault: no secret "helm/repos" not found in vault
Read credentials for https://storage.googleapis.com/chartmuseum.jenkins-x.io from vault helm/repos
Successfully added Helm repository storage.googleapis.com.
Adding missing Helm repo: jenkins-x-chartmuseum http://jenkins-x-chartmuseum:8080
WARNING: No secrets found on "helm/repos" due: reading the secret "helm/repos" from vault: no secret "helm/repos" not found in vault
Read credentials for http://jenkins-x-chartmuseum:8080 from vault helm/repos
Successfully added Helm repository jenkins-x-chartmuseum.
WARNING: No $CHART_REPOSITORY defined so using the default value of: http://jenkins-x-chartmuseum:8080
Adding missing Helm repo: chartmuseum.jenkins-x.io http://chartmuseum.jenkins-x.io
WARNING: No secrets found on "helm/repos" due: reading the secret "helm/repos" from vault: no secret "helm/repos" not found in vault
Read credentials for http://chartmuseum.jenkins-x.io from vault helm/repos
Successfully added Helm repository chartmuseum.jenkins-x.io.
