
Showing logs for build [32mcb-kubecd-environment-pr-213-14-dhkt4-1[0m stage [32mfrom-build-pack[0m and container [32mstep-credential-initializer-5vhrn[0m
{"level":"info","ts":1588433106.677452,"logger":"fallback-logger","caller":"logging/config.go:69","msg":"Fetch GitHub commit ID from kodata failed: open /var/run/ko/refs/heads/0.8.0-ns-support: no such file or directory"}
{"level":"info","ts":1588433106.6781065,"logger":"fallback-logger","caller":"creds-init/main.go:40","msg":"Credentials initialized."}

Showing logs for build [32mcb-kubecd-environment-pr-213-14-dhkt4-1[0m stage [32mfrom-build-pack[0m and container [32mstep-working-dir-initializer-hnblg[0m
{"level":"info","ts":1588433108.0085022,"logger":"fallback-logger","caller":"logging/config.go:69","msg":"Fetch GitHub commit ID from kodata failed: open /var/run/ko/HEAD: no such file or directory"}
{"level":"info","ts":1588433108.0101502,"logger":"fallback-logger","caller":"bash/main.go:64","msg":"Successfully executed command \"sh -c mkdir -p /workspace/source\"; output "}

Showing logs for build [32mcb-kubecd-environment-pr-213-14-dhkt4-1[0m stage [32mfrom-build-pack[0m and container [32mstep-place-tools[0m

Showing logs for build [32mcb-kubecd-environment-pr-213-14-dhkt4-1[0m stage [32mfrom-build-pack[0m and container [32mstep-git-source-cb-kubecd-environment-pr-213-14-dhkt4-r5llf[0m
{"level":"info","ts":1588433113.1581995,"logger":"fallback-logger","caller":"logging/config.go:69","msg":"Fetch GitHub commit ID from kodata failed: open /var/run/ko/refs/heads/0.8.0-ns-support: no such file or directory"}
{"level":"info","ts":1588433114.3456988,"logger":"fallback-logger","caller":"git/git.go:103","msg":"Successfully cloned https://github.com/cb-kubecd/environment-pr-213-14-boot-vault-gke-staging.git @ master in path /workspace/source"}

Showing logs for build [32mcb-kubecd-environment-pr-213-14-dhkt4-1[0m stage [32mfrom-build-pack[0m and container [32mstep-git-merge[0m
Using SHAs from PULL_REFS=master:73a11caa5b0896150ac9cbb8347bc213868edfa7,3:2731d1df28b87eda79057700db96b3f2b52c1c6e
DEBUG: JX_LOG_LEVEL=error LC_ALL=C git fetch origin --unshallow 2731d1df28b87eda79057700db96b3f2b52c1c6e: 73a11caa5b0896150ac9cbb8347bc213868edfa7:
DEBUG: ran git fetch --unshallow origin 2731d1df28b87eda79057700db96b3f2b52c1c6e: 73a11caa5b0896150ac9cbb8347bc213868edfa7: in 
DEBUG: LC_ALL=C JX_LOG_LEVEL=error git branch
DEBUG: LC_ALL=C JX_LOG_LEVEL=error git checkout master
DEBUG: ran git checkout master in 
DEBUG: LC_ALL=C JX_LOG_LEVEL=error git reset --hard 73a11caa5b0896150ac9cbb8347bc213868edfa7
DEBUG: ran git reset --hard 73a11caa5b0896150ac9cbb8347bc213868edfa7 in 
DEBUG: LC_ALL=C JX_LOG_LEVEL=error git clean -fd .
DEBUG: ran clean --force -d . in 
DEBUG: LC_ALL=C JX_LOG_LEVEL=error git merge 2731d1df28b87eda79057700db96b3f2b52c1c6e
DEBUG: ran git merge 2731d1df28b87eda79057700db96b3f2b52c1c6e in 
DEBUG: LC_ALL=C JX_LOG_LEVEL=error git log --format=%H%x1f%an%x1f%ae%x1f%cn%x1f%ce%x1f%s%n%b%x1e 73a11caa5b0896150ac9cbb8347bc213868edfa7..HEAD
Merged SHA 2731d1df28b87eda79057700db96b3f2b52c1c6e with commit message 'chore: Promote bdd-nh-1588431565 to version 0.0.1' into base branch master

Showing logs for build [32mcb-kubecd-environment-pr-213-14-dhkt4-1[0m stage [32mfrom-build-pack[0m and container [32mstep-build-helm-build[0m
WARNING: No $CHART_REPOSITORY defined so using the default value of: http://jenkins-x-chartmuseum:8080
Adding missing Helm repo: storage.googleapis.com https://storage.googleapis.com/chartmuseum.jenkins-x.io
WARNING: No secrets found on "helm/repos" due: reading the secret "helm/repos" from vault: no secret "helm/repos" not found in vault
Read credentials for https://storage.googleapis.com/chartmuseum.jenkins-x.io from vault helm/repos
Successfully added Helm repository storage.googleapis.com.
Adding missing Helm repo: jenkins-x-chartmuseum http://jenkins-x-chartmuseum:8080
WARNING: No secrets found on "helm/repos" due: reading the secret "helm/repos" from vault: no secret "helm/repos" not found in vault
Read credentials for http://jenkins-x-chartmuseum:8080 from vault helm/repos
Successfully added Helm repository jenkins-x-chartmuseum.
WARNING: No $CHART_REPOSITORY defined so using the default value of: http://jenkins-x-chartmuseum:8080
Adding missing Helm repo: chartmuseum.jenkins-x.io http://chartmuseum.jenkins-x.io
WARNING: No secrets found on "helm/repos" due: reading the secret "helm/repos" from vault: no secret "helm/repos" not found in vault
Read credentials for http://chartmuseum.jenkins-x.io from vault helm/repos
Successfully added Helm repository chartmuseum.jenkins-x.io.
