
Showing logs for build [32mcb-kubecd-environment-pr-213-14-z78hz-1[0m stage [32mfrom-build-pack[0m and container [32mstep-credential-initializer-7qt4h[0m
{"level":"info","ts":1588430217.6410973,"logger":"fallback-logger","caller":"logging/config.go:69","msg":"Fetch GitHub commit ID from kodata failed: open /var/run/ko/refs/heads/0.8.0-ns-support: no such file or directory"}
{"level":"info","ts":1588430217.6418896,"logger":"fallback-logger","caller":"creds-init/main.go:40","msg":"Credentials initialized."}

Showing logs for build [32mcb-kubecd-environment-pr-213-14-z78hz-1[0m stage [32mfrom-build-pack[0m and container [32mstep-working-dir-initializer-nt858[0m
{"level":"info","ts":1588430219.0088823,"logger":"fallback-logger","caller":"logging/config.go:69","msg":"Fetch GitHub commit ID from kodata failed: open /var/run/ko/HEAD: no such file or directory"}
{"level":"info","ts":1588430219.0104766,"logger":"fallback-logger","caller":"bash/main.go:64","msg":"Successfully executed command \"sh -c mkdir -p /workspace/source\"; output "}

Showing logs for build [32mcb-kubecd-environment-pr-213-14-z78hz-1[0m stage [32mfrom-build-pack[0m and container [32mstep-place-tools[0m

Showing logs for build [32mcb-kubecd-environment-pr-213-14-z78hz-1[0m stage [32mfrom-build-pack[0m and container [32mstep-git-source-cb-kubecd-environment-pr-213-14-z78hz-zpkxz[0m
{"level":"info","ts":1588430222.1158454,"logger":"fallback-logger","caller":"logging/config.go:69","msg":"Fetch GitHub commit ID from kodata failed: open /var/run/ko/refs/heads/0.8.0-ns-support: no such file or directory"}
{"level":"info","ts":1588430223.2027614,"logger":"fallback-logger","caller":"git/git.go:103","msg":"Successfully cloned https://github.com/cb-kubecd/environment-pr-213-14-boot-vault-gke-staging.git @ master in path /workspace/source"}

Showing logs for build [32mcb-kubecd-environment-pr-213-14-z78hz-1[0m stage [32mfrom-build-pack[0m and container [32mstep-git-merge[0m
Using SHAs from PULL_REFS=master:d9b72690b9d0921404736f9479176d7bf61e230d,1:38c6f5ffa4e1f3dedd870f5db9ba6a745f0fca05
DEBUG: LC_ALL=C JX_LOG_LEVEL=error git fetch origin --unshallow 38c6f5ffa4e1f3dedd870f5db9ba6a745f0fca05: d9b72690b9d0921404736f9479176d7bf61e230d:
DEBUG: ran git fetch --unshallow origin 38c6f5ffa4e1f3dedd870f5db9ba6a745f0fca05: d9b72690b9d0921404736f9479176d7bf61e230d: in 
DEBUG: LC_ALL=C JX_LOG_LEVEL=error git branch
DEBUG: LC_ALL=C JX_LOG_LEVEL=error git checkout master
DEBUG: ran git checkout master in 
DEBUG: LC_ALL=C JX_LOG_LEVEL=error git reset --hard d9b72690b9d0921404736f9479176d7bf61e230d
DEBUG: ran git reset --hard d9b72690b9d0921404736f9479176d7bf61e230d in 
DEBUG: LC_ALL=C JX_LOG_LEVEL=error git clean -fd .
DEBUG: ran clean --force -d . in 
DEBUG: LC_ALL=C JX_LOG_LEVEL=error git merge 38c6f5ffa4e1f3dedd870f5db9ba6a745f0fca05
DEBUG: ran git merge 38c6f5ffa4e1f3dedd870f5db9ba6a745f0fca05 in 
DEBUG: JX_LOG_LEVEL=error LC_ALL=C git log --format=%H%x1f%an%x1f%ae%x1f%cn%x1f%ce%x1f%s%n%b%x1e d9b72690b9d0921404736f9479176d7bf61e230d..HEAD
Merged SHA 38c6f5ffa4e1f3dedd870f5db9ba6a745f0fca05 with commit message 'chore: Promote bdd-spring-1588429798 to version 0.0.1' into base branch master

Showing logs for build [32mcb-kubecd-environment-pr-213-14-z78hz-1[0m stage [32mfrom-build-pack[0m and container [32mstep-build-helm-build[0m
WARNING: No $CHART_REPOSITORY defined so using the default value of: http://jenkins-x-chartmuseum:8080
Adding missing Helm repo: storage.googleapis.com https://storage.googleapis.com/chartmuseum.jenkins-x.io
WARNING: No secrets found on "helm/repos" due: reading the secret "helm/repos" from vault: no secret "helm/repos" not found in vault
Read credentials for https://storage.googleapis.com/chartmuseum.jenkins-x.io from vault helm/repos
Successfully added Helm repository storage.googleapis.com.
Adding missing Helm repo: jenkins-x-chartmuseum http://jenkins-x-chartmuseum:8080
WARNING: No secrets found on "helm/repos" due: reading the secret "helm/repos" from vault: no secret "helm/repos" not found in vault
Read credentials for http://jenkins-x-chartmuseum:8080 from vault helm/repos
Successfully added Helm repository jenkins-x-chartmuseum.
WARNING: No $CHART_REPOSITORY defined so using the default value of: http://jenkins-x-chartmuseum:8080
Adding missing Helm repo: chartmuseum.jenkins-x.io http://chartmuseum.jenkins-x.io
WARNING: No secrets found on "helm/repos" due: reading the secret "helm/repos" from vault: no secret "helm/repos" not found in vault
Read credentials for http://chartmuseum.jenkins-x.io from vault helm/repos
Successfully added Helm repository chartmuseum.jenkins-x.io.
