
Showing logs for build [32mcb-kubecd-environment-pr-213-14-ttk6s-1[0m stage [32mfrom-build-pack[0m and container [32mstep-credential-initializer-klxrg[0m
{"level":"info","ts":1588432011.6395748,"logger":"fallback-logger","caller":"logging/config.go:69","msg":"Fetch GitHub commit ID from kodata failed: open /var/run/ko/refs/heads/0.8.0-ns-support: no such file or directory"}
{"level":"info","ts":1588432011.6401918,"logger":"fallback-logger","caller":"creds-init/main.go:40","msg":"Credentials initialized."}

Showing logs for build [32mcb-kubecd-environment-pr-213-14-ttk6s-1[0m stage [32mfrom-build-pack[0m and container [32mstep-working-dir-initializer-m5zjz[0m
{"level":"info","ts":1588432012.1305401,"logger":"fallback-logger","caller":"logging/config.go:69","msg":"Fetch GitHub commit ID from kodata failed: open /var/run/ko/HEAD: no such file or directory"}
{"level":"info","ts":1588432012.131999,"logger":"fallback-logger","caller":"bash/main.go:64","msg":"Successfully executed command \"sh -c mkdir -p /workspace/source\"; output "}

Showing logs for build [32mcb-kubecd-environment-pr-213-14-ttk6s-1[0m stage [32mfrom-build-pack[0m and container [32mstep-place-tools[0m

Showing logs for build [32mcb-kubecd-environment-pr-213-14-ttk6s-1[0m stage [32mfrom-build-pack[0m and container [32mstep-git-source-cb-kubecd-environment-pr-213-14-ttk6s-x9cns[0m
{"level":"info","ts":1588432016.2813902,"logger":"fallback-logger","caller":"logging/config.go:69","msg":"Fetch GitHub commit ID from kodata failed: open /var/run/ko/refs/heads/0.8.0-ns-support: no such file or directory"}
{"level":"info","ts":1588432017.3467202,"logger":"fallback-logger","caller":"git/git.go:103","msg":"Successfully cloned https://github.com/cb-kubecd/environment-pr-213-14-boot-vault-gke-staging.git @ master in path /workspace/source"}

Showing logs for build [32mcb-kubecd-environment-pr-213-14-ttk6s-1[0m stage [32mfrom-build-pack[0m and container [32mstep-git-merge[0m
Using SHAs from PULL_REFS=master:9f2b50083f0a8614aff416fe3b36a8d643e41dee,2:321596b74b8ea4890253fa4a9a55ce7d4ae79015
DEBUG: JX_LOG_LEVEL=error LC_ALL=C git fetch origin --unshallow 321596b74b8ea4890253fa4a9a55ce7d4ae79015: 9f2b50083f0a8614aff416fe3b36a8d643e41dee:
DEBUG: ran git fetch --unshallow origin 321596b74b8ea4890253fa4a9a55ce7d4ae79015: 9f2b50083f0a8614aff416fe3b36a8d643e41dee: in 
DEBUG: LC_ALL=C JX_LOG_LEVEL=error git branch
DEBUG: LC_ALL=C JX_LOG_LEVEL=error git checkout master
DEBUG: ran git checkout master in 
DEBUG: LC_ALL=C JX_LOG_LEVEL=error git reset --hard 9f2b50083f0a8614aff416fe3b36a8d643e41dee
DEBUG: ran git reset --hard 9f2b50083f0a8614aff416fe3b36a8d643e41dee in 
DEBUG: JX_LOG_LEVEL=error LC_ALL=C git clean -fd .
DEBUG: ran clean --force -d . in 
DEBUG: LC_ALL=C JX_LOG_LEVEL=error git merge 321596b74b8ea4890253fa4a9a55ce7d4ae79015
DEBUG: ran git merge 321596b74b8ea4890253fa4a9a55ce7d4ae79015 in 
DEBUG: LC_ALL=C JX_LOG_LEVEL=error git log --format=%H%x1f%an%x1f%ae%x1f%cn%x1f%ce%x1f%s%n%b%x1e 9f2b50083f0a8614aff416fe3b36a8d643e41dee..HEAD
Merged SHA 321596b74b8ea4890253fa4a9a55ce7d4ae79015 with commit message 'chore: Promote bdd-sbhg-1588431565 to version 0.0.1' into base branch master

Showing logs for build [32mcb-kubecd-environment-pr-213-14-ttk6s-1[0m stage [32mfrom-build-pack[0m and container [32mstep-build-helm-build[0m
WARNING: No $CHART_REPOSITORY defined so using the default value of: http://jenkins-x-chartmuseum:8080
Adding missing Helm repo: storage.googleapis.com https://storage.googleapis.com/chartmuseum.jenkins-x.io
WARNING: No secrets found on "helm/repos" due: reading the secret "helm/repos" from vault: no secret "helm/repos" not found in vault
Read credentials for https://storage.googleapis.com/chartmuseum.jenkins-x.io from vault helm/repos
Successfully added Helm repository storage.googleapis.com.
Adding missing Helm repo: jenkins-x-chartmuseum http://jenkins-x-chartmuseum:8080
WARNING: No secrets found on "helm/repos" due: reading the secret "helm/repos" from vault: no secret "helm/repos" not found in vault
Read credentials for http://jenkins-x-chartmuseum:8080 from vault helm/repos
Successfully added Helm repository jenkins-x-chartmuseum.
WARNING: No $CHART_REPOSITORY defined so using the default value of: http://jenkins-x-chartmuseum:8080
Adding missing Helm repo: chartmuseum.jenkins-x.io http://chartmuseum.jenkins-x.io
WARNING: No secrets found on "helm/repos" due: reading the secret "helm/repos" from vault: no secret "helm/repos" not found in vault
Read credentials for http://chartmuseum.jenkins-x.io from vault helm/repos
Successfully added Helm repository chartmuseum.jenkins-x.io.
